<?xml version="1.0" encoding="UTF-8"?>
<!-- Generated by org.testng.reporters.JUnitXMLReporter -->
<testsuite ignored="0" hostname="LAPTOP-9C5S4OFR" failures="2" tests="10" name="LoginTest" time="60.715" errors="0" timestamp="2021-06-11T15:56:45 IST">
  <testcase classname="testCases.HUB_WorkFlow" name="OpentheReportPage" time="5.875"/>
  <testcase classname="testCases.HUB_WorkFlow" name="SelectSingleStore" time="5.19"/>
  <testcase classname="testCases.HUB_WorkFlow" name="ViewReport" time="30.73">
    <failure type="org.openqa.selenium.ElementNotInteractableException" message="element not interactable
  (Session info: chrome=91.0.4472.77)
Build info: version: &amp;apos;4.0.0-beta-3&amp;apos;, revision: &amp;apos;5d108f9a67&amp;apos;
System info: host: &amp;apos;LAPTOP-9C5S4OFR&amp;apos;, ip: &amp;apos;192.168.43.177&amp;apos;, os.name: &amp;apos;Windows 10&amp;apos;, os.arch: &amp;apos;amd64&amp;apos;, os.version: &amp;apos;10.0&amp;apos;, java.version: &amp;apos;16.0.1&amp;apos;
Driver info: org.openqa.selenium.chrome.ChromeDriver
Command: [f84d2ee71311a5a1af161560f31c391e, clickElement {id=0a6b7e74-a0f2-41bc-b3f1-7cef9f3c1c11}]
Capabilities {acceptInsecureCerts: false, browserName: chrome, browserVersion: 91.0.4472.77, chrome: {chromedriverVersion: 90.0.4430.24 (4c6d850f087da..., userDataDir: C:\Users\SATHEE~1\AppData\L...}, goog:chromeOptions: {debuggerAddress: localhost:56144}, javascriptEnabled: true, networkConnectionEnabled: false, pageLoadStrategy: normal, platform: WINDOWS, platformName: WINDOWS, proxy: Proxy(), se:cdp: ws://localhost:56144/devtoo..., se:cdpVersion: 91.0.4472.77, setWindowRect: true, strictFileInteractability: false, timeouts: {implicit: 0, pageLoad: 300000, script: 30000}, unhandledPromptBehavior: dismiss and notify, webauthn:extension:largeBlob: true, webauthn:virtualAuthenticators: true}
Element: [[ChromeDriver: chrome on WINDOWS (f84d2ee71311a5a1af161560f31c391e)] -&amp;gt; id: storesDD]
Session ID: f84d2ee71311a5a1af161560f31c391e">
      <![CDATA[org.openqa.selenium.ElementNotInteractableException: element not interactable
  (Session info: chrome=91.0.4472.77)
Build info: version: '4.0.0-beta-3', revision: '5d108f9a67'
System info: host: 'LAPTOP-9C5S4OFR', ip: '192.168.43.177', os.name: 'Windows 10', os.arch: 'amd64', os.version: '10.0', java.version: '16.0.1'
Driver info: org.openqa.selenium.chrome.ChromeDriver
Command: [f84d2ee71311a5a1af161560f31c391e, clickElement {id=0a6b7e74-a0f2-41bc-b3f1-7cef9f3c1c11}]
Capabilities {acceptInsecureCerts: false, browserName: chrome, browserVersion: 91.0.4472.77, chrome: {chromedriverVersion: 90.0.4430.24 (4c6d850f087da..., userDataDir: C:\Users\SATHEE~1\AppData\L...}, goog:chromeOptions: {debuggerAddress: localhost:56144}, javascriptEnabled: true, networkConnectionEnabled: false, pageLoadStrategy: normal, platform: WINDOWS, platformName: WINDOWS, proxy: Proxy(), se:cdp: ws://localhost:56144/devtoo..., se:cdpVersion: 91.0.4472.77, setWindowRect: true, strictFileInteractability: false, timeouts: {implicit: 0, pageLoad: 300000, script: 30000}, unhandledPromptBehavior: dismiss and notify, webauthn:extension:largeBlob: true, webauthn:virtualAuthenticators: true}
Element: [[ChromeDriver: chrome on WINDOWS (f84d2ee71311a5a1af161560f31c391e)] -> id: storesDD]
Session ID: f84d2ee71311a5a1af161560f31c391e
at org.openqa.selenium.remote.codec.w3c.W3CHttpResponseCodec.createException(W3CHttpResponseCodec.java:198)
at org.openqa.selenium.remote.codec.w3c.W3CHttpResponseCodec.decode(W3CHttpResponseCodec.java:131)
at org.openqa.selenium.remote.codec.w3c.W3CHttpResponseCodec.decode(W3CHttpResponseCodec.java:52)
at org.openqa.selenium.remote.HttpCommandExecutor.execute(HttpCommandExecutor.java:184)
at org.openqa.selenium.remote.service.DriverCommandExecutor.invokeExecute(DriverCommandExecutor.java:153)
at org.openqa.selenium.remote.service.DriverCommandExecutor.execute(DriverCommandExecutor.java:128)
at org.openqa.selenium.remote.RemoteWebDriver.execute(RemoteWebDriver.java:619)
at org.openqa.selenium.remote.RemoteWebElement.execute(RemoteWebElement.java:237)
at org.openqa.selenium.remote.RemoteWebElement.click(RemoteWebElement.java:75)
at org.openqa.selenium.support.pagefactory.internal.LocatingElementHandler.invoke(LocatingElementHandler.java:52)
at jdk.proxy2/jdk.proxy2.$Proxy17.click(Unknown Source)
at page_Objects.Reports_Page.ViewReport(Reports_Page.java:44)
at testCases.HUB_WorkFlow.ViewReport(HUB_WorkFlow.java:55)
at java.base/java.util.ArrayList.forEach(ArrayList.java:1511)
... Removed 36 stack frames]]>
    </failure>
  </testcase> <!-- ViewReport -->
  <testcase classname="testCases.HUB_WorkFlow" name="Manage" time="6.718"/>
  <testcase classname="testCases.HUB_WorkFlow" name="Communicate" time="1.431"/>
  <testcase classname="testCases.HUB_WorkFlow" name="People" time="1.111"/>
  <testcase classname="testCases.HUB_WorkFlow" name="Inventory" time="1.231"/>
  <testcase classname="testCases.HUB_WorkFlow" name="Display" time="5.137"/>
  <testcase classname="testCases.HUB_WorkFlow" name="HungerRushOnly" time="2.389">
    <failure type="java.lang.AssertionError" message="expected [ Reds Pizza] but found [Reds Pizza]">
      <![CDATA[java.lang.AssertionError: expected [ Reds Pizza] but found [Reds Pizza]
at testCases.HUB_WorkFlow.HungerRushOnly(HUB_WorkFlow.java:168)
at java.base/java.util.ArrayList.forEach(ArrayList.java:1511)
... Removed 33 stack frames]]>
    </failure>
  </testcase> <!-- HungerRushOnly -->
  <testcase classname="testCases.HUB_WorkFlow" name="SiteDesigner" time="0.195"/>
</testsuite> <!-- LoginTest -->
